<?xml version="1.0" encoding="UTF-8"?>
<!-- Generated by org.testng.reporters.JUnitXMLReporter -->
<testsuite ignored="0" hostname="Alecs-MacBook-Pro-2.local" failures="2" tests="2" name="Test" time="0.858" errors="0" timestamp="2020-10-22T15:56:11 PDT">
  <testcase classname="cucumber.api.testng.AbstractTestNGCucumberTests" name="runScenario" time="0.196">
    <failure type="cucumber.runtime.DuplicateStepDefinitionException" message="Duplicate step definitions in steps.SearchCarsSteps.i_am_on_the_Home_Page_of_CarsGuide_website(String) in file:/Users/donlivinghouse/eclipse-workspace/Cucumber_framework/target/test-classes/ and steps.UsedCarSearchSteps.i_am_on_the_Home_Page_of_CarsGuide_website(String) in file:/Users/donlivinghouse/eclipse-workspace/Cucumber_framework/target/test-classes/">
      <![CDATA[cucumber.runtime.DuplicateStepDefinitionException: Duplicate step definitions in steps.SearchCarsSteps.i_am_on_the_Home_Page_of_CarsGuide_website(String) in file:/Users/donlivinghouse/eclipse-workspace/Cucumber_framework/target/test-classes/ and steps.UsedCarSearchSteps.i_am_on_the_Home_Page_of_CarsGuide_website(String) in file:/Users/donlivinghouse/eclipse-workspace/Cucumber_framework/target/test-classes/
at cucumber.runner.Glue.addStepDefinition(Glue.java:38)
at cucumber.runtime.java.JavaBackend.addStepDefinition(JavaBackend.java:170)
at cucumber.runtime.java.MethodScanner.scan(MethodScanner.java:64)
at cucumber.runtime.java.MethodScanner.scan(MethodScanner.java:41)
at cucumber.runtime.java.JavaBackend.loadGlue(JavaBackend.java:111)
at cucumber.runner.Runner.<init>(Runner.java:39)
at cucumber.runner.ThreadLocalRunnerSupplier.createRunner(ThreadLocalRunnerSupplier.java:42)
at cucumber.runner.ThreadLocalRunnerSupplier.access$000(ThreadLocalRunnerSupplier.java:13)
at cucumber.runner.ThreadLocalRunnerSupplier$1.initialValue(ThreadLocalRunnerSupplier.java:22)
at cucumber.runner.ThreadLocalRunnerSupplier$1.initialValue(ThreadLocalRunnerSupplier.java:19)
at java.base/java.lang.ThreadLocal.setInitialValue(ThreadLocal.java:195)
at java.base/java.lang.ThreadLocal.get(ThreadLocal.java:172)
at cucumber.runner.ThreadLocalRunnerSupplier.get(ThreadLocalRunnerSupplier.java:38)
at io.cucumber.testng.TestNGCucumberRunner.runScenario(TestNGCucumberRunner.java:77)
at cucumber.api.testng.TestNGCucumberRunner.runScenario(TestNGCucumberRunner.java:24)
at cucumber.api.testng.AbstractTestNGCucumberTests.runScenario(AbstractTestNGCucumberTests.java:27)
at java.base/java.util.ArrayList.forEach(ArrayList.java:1541)
... Removed 27 stack frames]]>
    </failure>
  </testcase> <!-- runScenario -->
  <testcase classname="cucumber.api.testng.AbstractTestNGCucumberTests" name="runScenario" time="0.03">
    <failure type="cucumber.runtime.DuplicateStepDefinitionException" message="Duplicate step definitions in steps.SearchCarsSteps.i_am_on_the_Home_Page_of_CarsGuide_website(String) in file:/Users/donlivinghouse/eclipse-workspace/Cucumber_framework/target/test-classes/ and steps.UsedCarSearchSteps.i_am_on_the_Home_Page_of_CarsGuide_website(String) in file:/Users/donlivinghouse/eclipse-workspace/Cucumber_framework/target/test-classes/">
      <![CDATA[cucumber.runtime.DuplicateStepDefinitionException: Duplicate step definitions in steps.SearchCarsSteps.i_am_on_the_Home_Page_of_CarsGuide_website(String) in file:/Users/donlivinghouse/eclipse-workspace/Cucumber_framework/target/test-classes/ and steps.UsedCarSearchSteps.i_am_on_the_Home_Page_of_CarsGuide_website(String) in file:/Users/donlivinghouse/eclipse-workspace/Cucumber_framework/target/test-classes/
at cucumber.runner.Glue.addStepDefinition(Glue.java:38)
at cucumber.runtime.java.JavaBackend.addStepDefinition(JavaBackend.java:170)
at cucumber.runtime.java.MethodScanner.scan(MethodScanner.java:64)
at cucumber.runtime.java.MethodScanner.scan(MethodScanner.java:41)
at cucumber.runtime.java.JavaBackend.loadGlue(JavaBackend.java:111)
at cucumber.runner.Runner.<init>(Runner.java:39)
at cucumber.runner.ThreadLocalRunnerSupplier.createRunner(ThreadLocalRunnerSupplier.java:42)
at cucumber.runner.ThreadLocalRunnerSupplier.access$000(ThreadLocalRunnerSupplier.java:13)
at cucumber.runner.ThreadLocalRunnerSupplier$1.initialValue(ThreadLocalRunnerSupplier.java:22)
at cucumber.runner.ThreadLocalRunnerSupplier$1.initialValue(ThreadLocalRunnerSupplier.java:19)
at java.base/java.lang.ThreadLocal.setInitialValue(ThreadLocal.java:195)
at java.base/java.lang.ThreadLocal.get(ThreadLocal.java:172)
at cucumber.runner.ThreadLocalRunnerSupplier.get(ThreadLocalRunnerSupplier.java:38)
at io.cucumber.testng.TestNGCucumberRunner.runScenario(TestNGCucumberRunner.java:77)
at cucumber.api.testng.TestNGCucumberRunner.runScenario(TestNGCucumberRunner.java:24)
at cucumber.api.testng.AbstractTestNGCucumberTests.runScenario(AbstractTestNGCucumberTests.java:27)
at java.base/java.util.ArrayList.forEach(ArrayList.java:1541)
... Removed 27 stack frames]]>
    </failure>
  </testcase> <!-- runScenario -->
</testsuite> <!-- Test -->
